<?xml version="1.0" encoding="utf-8"?>
<EntityDescriptor ID="_5495b16a-7b17-4411-bba2-832fb12b8fa0" entityID="https://saml.test-nemlog-in.dk/" 
  xmlns="urn:oasis:names:tc:SAML:2.0:metadata" 
  xmlns:xsi="http://www.w3.org/2001/XMLSchema-instance" 
  xmlns:a="urn:oasis:names:tc:SAML:2.0:assertion">
  <IDPSSODescriptor WantAuthnRequestsSigned="true" protocolSupportEnumeration="urn:oasis:names:tc:SAML:2.0:protocol">
    <KeyDescriptor use="encryption">
      <KeyInfo xmlns="http://www.w3.org/2000/09/xmldsig#">
        <X509Data>
          <X509Certificate>
MIIGLDCCBRSgAwIBAgIEXOhOAjANBgkqhkiG9w0BAQsFADBJMQswCQYDVQQGEwJE
SzESMBAGA1UECgwJVFJVU1QyNDA4MSYwJAYDVQQDDB1UUlVTVDI0MDggU3lzdGVt
dGVzdCBYWFhJViBDQTAeFw0yMDAyMjUyMTIwMDVaFw0yMzAyMjUyMTE3MjFaMIGW
MQswCQYDVQQGEwJESzExMC8GA1UECgwoRGlnaXRhbGlzZXJpbmdzc3R5cmVsc2Vu
IC8vIENWUjozNDA1MTE3ODFUMCAGA1UEBRMZQ1ZSOjM0MDUxMTc4LUZJRDo1Njk0
MDQxMzAwBgNVBAMMKU5lbUxvZy1pbiBBREZTIFRlc3QgKGZ1bmt0aW9uc2NlcnRp
ZmlrYXQpMIIBIjANBgkqhkiG9w0BAQEFAAOCAQ8AMIIBCgKCAQEAwhqXoxvnrg1R
8GSAOmWdvR0lrdRjTss9zzJc/j0zHeamjsOyMdTc787Qdy2yre74ImzbBIRGi7HI
3PIP59PebFZnVOUa+/Y1enuQ8HZgJnaZqMCxPrQ+SuU3iD99WTvWtz6x+W1BLGiI
JK5Xkz8y3Ya82OZ25LwU+VXEovYEmPFNECV7z9yWkCcLZrfF4mwKbIdr96o9uFav
tiThMSD/XkD40ahdvDap13tV+HBBIVwa0gAjYe1Cz2jYPRvCVCy5adDgoDrP7WTS
ipvga7A9Y8WIZ52nDLgUlq67rK416trp6zThXAyzpDS98e99MVPy32Ovpqvw8phd
LqT6Tq8y3wIDAQABo4ICzDCCAsgwDgYDVR0PAQH/BAQDAgO4MIGXBggrBgEFBQcB
AQSBijCBhzA8BggrBgEFBQcwAYYwaHR0cDovL29jc3Auc3lzdGVtdGVzdDM0LnRy
dXN0MjQwOC5jb20vcmVzcG9uZGVyMEcGCCsGAQUFBzAChjtodHRwOi8vZi5haWEu
c3lzdGVtdGVzdDM0LnRydXN0MjQwOC5jb20vc3lzdGVtdGVzdDM0LWNhLmNlcjCC
ASAGA1UdIASCARcwggETMIIBDwYNKwYBBAGB9FECBAYEAzCB/TAvBggrBgEFBQcC
ARYjaHR0cDovL3d3dy50cnVzdDI0MDguY29tL3JlcG9zaXRvcnkwgckGCCsGAQUF
BwICMIG8MAwWBURhbklEMAMCAQEagatEYW5JRCB0ZXN0IGNlcnRpZmlrYXRlciBm
cmEgZGVubmUgQ0EgdWRzdGVkZXMgdW5kZXIgT0lEIDEuMy42LjEuNC4xLjMxMzEz
LjIuNC42LjQuMy4gRGFuSUQgdGVzdCBjZXJ0aWZpY2F0ZXMgZnJvbSB0aGlzIENB
IGFyZSBpc3N1ZWQgdW5kZXIgT0lEIDEuMy42LjEuNC4xLjMxMzEzLjIuNC42LjQu
My4wgawGA1UdHwSBpDCBoTA8oDqgOIY2aHR0cDovL2NybC5zeXN0ZW10ZXN0MzQu
dHJ1c3QyNDA4LmNvbS9zeXN0ZW10ZXN0MzQuY3JsMGGgX6BdpFswWTELMAkGA1UE
BhMCREsxEjAQBgNVBAoMCVRSVVNUMjQwODEmMCQGA1UEAwwdVFJVU1QyNDA4IFN5
c3RlbXRlc3QgWFhYSVYgQ0ExDjAMBgNVBAMMBUNSTDE0MB8GA1UdIwQYMBaAFM1s
aJc5chmkNatk6vQRo4GH+Gk7MB0GA1UdDgQWBBRBCneiJ1Rbm3TO7S7J+lDgRq3I
FDAJBgNVHRMEAjAAMA0GCSqGSIb3DQEBCwUAA4IBAQCh4sfwYmyapqcQ/hfXye+m
qJQa9pTktjU6OVZ5XwqvnMSRAwDaix6jfkW+s1CDBRdHY/vpUEczOKW6piPd6x0O
cRrKghyK138yN8472EuNb3v+A4g5AvKgtrRIojRtzUHOOQyl7e5um49WQKEsl8FV
DxFPbWjzkLHoDsgnvyLZdOR00QjKJsKYVK6Xct1Rsh5zJZE9/LHAkKx0lBCMT2Uj
rYqIj3qR+yKQLutLJxhfaAiLj9h00dVNhUQKTb6cfgPkr/+41lg7CvaVas+wDhQD
SrsaTkF54V9u+h3q8+BC3IW6ObMOz84Ws+Rbol5d7pVkVJemvYD5uqCCA+YLG3Bj</X509Certificate>
        </X509Data>
      </KeyInfo>
    </KeyDescriptor>
    <KeyDescriptor use="signing">
      <KeyInfo xmlns="http://www.w3.org/2000/09/xmldsig#">
        <X509Data>
          <X509Certificate>
MIIGLDCCBRSgAwIBAgIEXOhOAjANBgkqhkiG9w0BAQsFADBJMQswCQYDVQQGEwJE
SzESMBAGA1UECgwJVFJVU1QyNDA4MSYwJAYDVQQDDB1UUlVTVDI0MDggU3lzdGVt
dGVzdCBYWFhJViBDQTAeFw0yMDAyMjUyMTIwMDVaFw0yMzAyMjUyMTE3MjFaMIGW
MQswCQYDVQQGEwJESzExMC8GA1UECgwoRGlnaXRhbGlzZXJpbmdzc3R5cmVsc2Vu
IC8vIENWUjozNDA1MTE3ODFUMCAGA1UEBRMZQ1ZSOjM0MDUxMTc4LUZJRDo1Njk0
MDQxMzAwBgNVBAMMKU5lbUxvZy1pbiBBREZTIFRlc3QgKGZ1bmt0aW9uc2NlcnRp
ZmlrYXQpMIIBIjANBgkqhkiG9w0BAQEFAAOCAQ8AMIIBCgKCAQEAwhqXoxvnrg1R
8GSAOmWdvR0lrdRjTss9zzJc/j0zHeamjsOyMdTc787Qdy2yre74ImzbBIRGi7HI
3PIP59PebFZnVOUa+/Y1enuQ8HZgJnaZqMCxPrQ+SuU3iD99WTvWtz6x+W1BLGiI
JK5Xkz8y3Ya82OZ25LwU+VXEovYEmPFNECV7z9yWkCcLZrfF4mwKbIdr96o9uFav
tiThMSD/XkD40ahdvDap13tV+HBBIVwa0gAjYe1Cz2jYPRvCVCy5adDgoDrP7WTS
ipvga7A9Y8WIZ52nDLgUlq67rK416trp6zThXAyzpDS98e99MVPy32Ovpqvw8phd
LqT6Tq8y3wIDAQABo4ICzDCCAsgwDgYDVR0PAQH/BAQDAgO4MIGXBggrBgEFBQcB
AQSBijCBhzA8BggrBgEFBQcwAYYwaHR0cDovL29jc3Auc3lzdGVtdGVzdDM0LnRy
dXN0MjQwOC5jb20vcmVzcG9uZGVyMEcGCCsGAQUFBzAChjtodHRwOi8vZi5haWEu
c3lzdGVtdGVzdDM0LnRydXN0MjQwOC5jb20vc3lzdGVtdGVzdDM0LWNhLmNlcjCC
ASAGA1UdIASCARcwggETMIIBDwYNKwYBBAGB9FECBAYEAzCB/TAvBggrBgEFBQcC
ARYjaHR0cDovL3d3dy50cnVzdDI0MDguY29tL3JlcG9zaXRvcnkwgckGCCsGAQUF
BwICMIG8MAwWBURhbklEMAMCAQEagatEYW5JRCB0ZXN0IGNlcnRpZmlrYXRlciBm
cmEgZGVubmUgQ0EgdWRzdGVkZXMgdW5kZXIgT0lEIDEuMy42LjEuNC4xLjMxMzEz
LjIuNC42LjQuMy4gRGFuSUQgdGVzdCBjZXJ0aWZpY2F0ZXMgZnJvbSB0aGlzIENB
IGFyZSBpc3N1ZWQgdW5kZXIgT0lEIDEuMy42LjEuNC4xLjMxMzEzLjIuNC42LjQu
My4wgawGA1UdHwSBpDCBoTA8oDqgOIY2aHR0cDovL2NybC5zeXN0ZW10ZXN0MzQu
dHJ1c3QyNDA4LmNvbS9zeXN0ZW10ZXN0MzQuY3JsMGGgX6BdpFswWTELMAkGA1UE
BhMCREsxEjAQBgNVBAoMCVRSVVNUMjQwODEmMCQGA1UEAwwdVFJVU1QyNDA4IFN5
c3RlbXRlc3QgWFhYSVYgQ0ExDjAMBgNVBAMMBUNSTDE0MB8GA1UdIwQYMBaAFM1s
aJc5chmkNatk6vQRo4GH+Gk7MB0GA1UdDgQWBBRBCneiJ1Rbm3TO7S7J+lDgRq3I
FDAJBgNVHRMEAjAAMA0GCSqGSIb3DQEBCwUAA4IBAQCh4sfwYmyapqcQ/hfXye+m
qJQa9pTktjU6OVZ5XwqvnMSRAwDaix6jfkW+s1CDBRdHY/vpUEczOKW6piPd6x0O
cRrKghyK138yN8472EuNb3v+A4g5AvKgtrRIojRtzUHOOQyl7e5um49WQKEsl8FV
DxFPbWjzkLHoDsgnvyLZdOR00QjKJsKYVK6Xct1Rsh5zJZE9/LHAkKx0lBCMT2Uj
rYqIj3qR+yKQLutLJxhfaAiLj9h00dVNhUQKTb6cfgPkr/+41lg7CvaVas+wDhQD
SrsaTkF54V9u+h3q8+BC3IW6ObMOz84Ws+Rbol5d7pVkVJemvYD5uqCCA+YLG3Bj</X509Certificate>
        </X509Data>
      </KeyInfo>
    </KeyDescriptor>
    <SingleLogoutService Binding="urn:oasis:names:tc:SAML:2.0:bindings:HTTP-Redirect" Location="https://login.test-nemlog-in.dk/adfs/ls/"/>
    <SingleLogoutService Binding="urn:oasis:names:tc:SAML:2.0:bindings:HTTP-POST" Location="https://login.test-nemlog-in.dk/adfs/ls/"/>
    <NameIDFormat>urn:oasis:names:tc:SAML:1.1:nameid-format:X509SubjectName</NameIDFormat>
    <NameIDFormat>urn:oasis:names:tc:SAML:2.0:nameid-format:persistent</NameIDFormat>
    <SingleSignOnService Binding="urn:oasis:names:tc:SAML:2.0:bindings:HTTP-Redirect" Location="https://login.test-nemlog-in.dk/adfs/ls/"/>
    <a:Attribute Name="dk:gov:saml:attribute:AssuranceLevel" NameFormat="urn:oasis:names:tc:SAML:2.0:attrname-format:basic" FriendlyName="Assurance Level"/>
    <a:Attribute Name="urn:oid:2.5.29.29" NameFormat="urn:oasis:names:tc:SAML:2.0:attrname-format:basic" FriendlyName="Certificate Issuer DN"/>
    <a:Attribute Name="urn:oid:2.5.4.3" NameFormat="urn:oasis:names:tc:SAML:2.0:attrname-format:basic" FriendlyName="Common Name"/>
    <a:Attribute Name="dk:gov:saml:attribute:CprNumberIdentifier" NameFormat="urn:oasis:names:tc:SAML:2.0:attrname-format:basic" FriendlyName="CPR Number Identifier"/>
    <a:Attribute Name="dk:gov:saml:attribute:CvrNumberIdentifier" NameFormat="urn:oasis:names:tc:SAML:2.0:attrname-format:basic" FriendlyName="CVR Number Identifier"/>
    <a:Attribute Name="urn:oid:0.9.2342.19200300.100.1.3" NameFormat="urn:oasis:names:tc:SAML:2.0:attrname-format:basic" FriendlyName="email"/>
    <a:Attribute Name="dk:gov:saml:attribute:IsYouthCert" NameFormat="urn:oasis:names:tc:SAML:2.0:attrname-format:basic" FriendlyName="Is Youth Certificate"/>
    <a:Attribute Name="urn:oid:2.5.4.65" NameFormat="urn:oasis:names:tc:SAML:2.0:attrname-format:basic" FriendlyName="OCES Pseudonym"/>
    <a:Attribute Name="urn:oid:2.5.4.10" NameFormat="urn:oasis:names:tc:SAML:2.0:attrname-format:basic" FriendlyName="Organisation Name"/>
    <a:Attribute Name="urn:oid:2.5.4.11" NameFormat="urn:oasis:names:tc:SAML:2.0:attrname-format:basic" FriendlyName="Organisation Unit"/>
    <a:Attribute Name="dk:gov:saml:attribute:PidNumberIdentifier" NameFormat="urn:oasis:names:tc:SAML:2.0:attrname-format:basic" FriendlyName="PID Number Identifier"/>
    <a:Attribute Name="urn:oid:2.5.4.16" NameFormat="urn:oasis:names:tc:SAML:2.0:attrname-format:basic" FriendlyName="Postal Address"/>
    <a:Attribute Name="dk:gov:saml:attribute:RidNumberIdentifier" NameFormat="urn:oasis:names:tc:SAML:2.0:attrname-format:basic" FriendlyName="RID Number Identifier"/>
    <a:Attribute Name="urn:oid:2.5.4.5" NameFormat="urn:oasis:names:tc:SAML:2.0:attrname-format:basic" FriendlyName="Serialnumber"/>
    <a:Attribute Name="dk:gov:saml:attribute:SpecVer" NameFormat="urn:oasis:names:tc:SAML:2.0:attrname-format:basic" FriendlyName="Specification Version"/>
    <a:Attribute Name="urn:oid:0.9.2342.19200300.100.1.1" NameFormat="urn:oasis:names:tc:SAML:2.0:attrname-format:basic" FriendlyName="SubjectSerialNumber"/>
    <a:Attribute Name="urn:oid:2.5.4.4" NameFormat="urn:oasis:names:tc:SAML:2.0:attrname-format:basic" FriendlyName="Surname"/>
    <a:Attribute Name="urn:oid:2.5.4.12" NameFormat="urn:oasis:names:tc:SAML:2.0:attrname-format:basic" FriendlyName="Title"/>
    <a:Attribute Name="urn:oid:1.3.6.1.4.1.1466.115.121.1.8" NameFormat="urn:oasis:names:tc:SAML:2.0:attrname-format:basic" FriendlyName="User Certificate"/>
    <a:Attribute Name="dk:gov:saml:attribute:ProductionUnitIdentifier" NameFormat="urn:oasis:names:tc:SAML:2.0:attrname-format:basic" FriendlyName="ProductionUnitIdentifier"/>
    <a:Attribute Name="dk:gov:saml:attribute:UserAdministratorIndicator" NameFormat="urn:oasis:names:tc:SAML:2.0:attrname-format:basic" FriendlyName="UserAdministratorIndicator"/>
    <a:Attribute Name="dk:gov:saml:attribute:seNumberIdentifier" NameFormat="urn:oasis:names:tc:SAML:2.0:attrname-format:basic" FriendlyName="SeNumberIdentifier"/>
    <a:Attribute Name="dk:gov:saml:attribute:UniqueAccountKey" NameFormat="urn:oasis:names:tc:SAML:2.0:attrname-format:basic" FriendlyName="UniqueAccountKey"/>
    <a:Attribute Name="dk:gov:saml:attribute:Privileges_intermediate" NameFormat="urn:oasis:names:tc:SAML:2.0:attrname-format:basic" FriendlyName="Privileges"/>
    <a:Attribute Name="urn:liberty:disco:2006-08:DiscoveryEPR" NameFormat="urn:oasis:names:tc:SAML:2.0:attrname-format:basic" FriendlyName="STS Bootstrap Token" />
    <a:Attribute Name="dk:gov:saml:attribute:AuthorizedToRepresent" NameFormat="urn:oasis:names:tc:SAML:2.0:attrname-format:basic" FriendlyName="AuthorizedToRepresent" />
  </IDPSSODescriptor>
  <AttributeAuthorityDescriptor protocolSupportEnumeration="urn:oasis:names:tc:SAML:2.0:protocol">
    <KeyDescriptor use="encryption">
      <KeyInfo xmlns="http://www.w3.org/2000/09/xmldsig#">
        <X509Data>
          <X509Certificate>
MIIGLDCCBRSgAwIBAgIEXOhOAjANBgkqhkiG9w0BAQsFADBJMQswCQYDVQQGEwJE
SzESMBAGA1UECgwJVFJVU1QyNDA4MSYwJAYDVQQDDB1UUlVTVDI0MDggU3lzdGVt
dGVzdCBYWFhJViBDQTAeFw0yMDAyMjUyMTIwMDVaFw0yMzAyMjUyMTE3MjFaMIGW
MQswCQYDVQQGEwJESzExMC8GA1UECgwoRGlnaXRhbGlzZXJpbmdzc3R5cmVsc2Vu
IC8vIENWUjozNDA1MTE3ODFUMCAGA1UEBRMZQ1ZSOjM0MDUxMTc4LUZJRDo1Njk0
MDQxMzAwBgNVBAMMKU5lbUxvZy1pbiBBREZTIFRlc3QgKGZ1bmt0aW9uc2NlcnRp
ZmlrYXQpMIIBIjANBgkqhkiG9w0BAQEFAAOCAQ8AMIIBCgKCAQEAwhqXoxvnrg1R
8GSAOmWdvR0lrdRjTss9zzJc/j0zHeamjsOyMdTc787Qdy2yre74ImzbBIRGi7HI
3PIP59PebFZnVOUa+/Y1enuQ8HZgJnaZqMCxPrQ+SuU3iD99WTvWtz6x+W1BLGiI
JK5Xkz8y3Ya82OZ25LwU+VXEovYEmPFNECV7z9yWkCcLZrfF4mwKbIdr96o9uFav
tiThMSD/XkD40ahdvDap13tV+HBBIVwa0gAjYe1Cz2jYPRvCVCy5adDgoDrP7WTS
ipvga7A9Y8WIZ52nDLgUlq67rK416trp6zThXAyzpDS98e99MVPy32Ovpqvw8phd
LqT6Tq8y3wIDAQABo4ICzDCCAsgwDgYDVR0PAQH/BAQDAgO4MIGXBggrBgEFBQcB
AQSBijCBhzA8BggrBgEFBQcwAYYwaHR0cDovL29jc3Auc3lzdGVtdGVzdDM0LnRy
dXN0MjQwOC5jb20vcmVzcG9uZGVyMEcGCCsGAQUFBzAChjtodHRwOi8vZi5haWEu
c3lzdGVtdGVzdDM0LnRydXN0MjQwOC5jb20vc3lzdGVtdGVzdDM0LWNhLmNlcjCC
ASAGA1UdIASCARcwggETMIIBDwYNKwYBBAGB9FECBAYEAzCB/TAvBggrBgEFBQcC
ARYjaHR0cDovL3d3dy50cnVzdDI0MDguY29tL3JlcG9zaXRvcnkwgckGCCsGAQUF
BwICMIG8MAwWBURhbklEMAMCAQEagatEYW5JRCB0ZXN0IGNlcnRpZmlrYXRlciBm
cmEgZGVubmUgQ0EgdWRzdGVkZXMgdW5kZXIgT0lEIDEuMy42LjEuNC4xLjMxMzEz
LjIuNC42LjQuMy4gRGFuSUQgdGVzdCBjZXJ0aWZpY2F0ZXMgZnJvbSB0aGlzIENB
IGFyZSBpc3N1ZWQgdW5kZXIgT0lEIDEuMy42LjEuNC4xLjMxMzEzLjIuNC42LjQu
My4wgawGA1UdHwSBpDCBoTA8oDqgOIY2aHR0cDovL2NybC5zeXN0ZW10ZXN0MzQu
dHJ1c3QyNDA4LmNvbS9zeXN0ZW10ZXN0MzQuY3JsMGGgX6BdpFswWTELMAkGA1UE
BhMCREsxEjAQBgNVBAoMCVRSVVNUMjQwODEmMCQGA1UEAwwdVFJVU1QyNDA4IFN5
c3RlbXRlc3QgWFhYSVYgQ0ExDjAMBgNVBAMMBUNSTDE0MB8GA1UdIwQYMBaAFM1s
aJc5chmkNatk6vQRo4GH+Gk7MB0GA1UdDgQWBBRBCneiJ1Rbm3TO7S7J+lDgRq3I
FDAJBgNVHRMEAjAAMA0GCSqGSIb3DQEBCwUAA4IBAQCh4sfwYmyapqcQ/hfXye+m
qJQa9pTktjU6OVZ5XwqvnMSRAwDaix6jfkW+s1CDBRdHY/vpUEczOKW6piPd6x0O
cRrKghyK138yN8472EuNb3v+A4g5AvKgtrRIojRtzUHOOQyl7e5um49WQKEsl8FV
DxFPbWjzkLHoDsgnvyLZdOR00QjKJsKYVK6Xct1Rsh5zJZE9/LHAkKx0lBCMT2Uj
rYqIj3qR+yKQLutLJxhfaAiLj9h00dVNhUQKTb6cfgPkr/+41lg7CvaVas+wDhQD
SrsaTkF54V9u+h3q8+BC3IW6ObMOz84Ws+Rbol5d7pVkVJemvYD5uqCCA+YLG3Bj
          </X509Certificate>
        </X509Data>
      </KeyInfo>
    </KeyDescriptor>
    <KeyDescriptor use="signing">
      <KeyInfo xmlns="http://www.w3.org/2000/09/xmldsig#">
        <X509Data>
          <X509Certificate>
MIIGLDCCBRSgAwIBAgIEXOhOAjANBgkqhkiG9w0BAQsFADBJMQswCQYDVQQGEwJE
SzESMBAGA1UECgwJVFJVU1QyNDA4MSYwJAYDVQQDDB1UUlVTVDI0MDggU3lzdGVt
dGVzdCBYWFhJViBDQTAeFw0yMDAyMjUyMTIwMDVaFw0yMzAyMjUyMTE3MjFaMIGW
MQswCQYDVQQGEwJESzExMC8GA1UECgwoRGlnaXRhbGlzZXJpbmdzc3R5cmVsc2Vu
IC8vIENWUjozNDA1MTE3ODFUMCAGA1UEBRMZQ1ZSOjM0MDUxMTc4LUZJRDo1Njk0
MDQxMzAwBgNVBAMMKU5lbUxvZy1pbiBBREZTIFRlc3QgKGZ1bmt0aW9uc2NlcnRp
ZmlrYXQpMIIBIjANBgkqhkiG9w0BAQEFAAOCAQ8AMIIBCgKCAQEAwhqXoxvnrg1R
8GSAOmWdvR0lrdRjTss9zzJc/j0zHeamjsOyMdTc787Qdy2yre74ImzbBIRGi7HI
3PIP59PebFZnVOUa+/Y1enuQ8HZgJnaZqMCxPrQ+SuU3iD99WTvWtz6x+W1BLGiI
JK5Xkz8y3Ya82OZ25LwU+VXEovYEmPFNECV7z9yWkCcLZrfF4mwKbIdr96o9uFav
tiThMSD/XkD40ahdvDap13tV+HBBIVwa0gAjYe1Cz2jYPRvCVCy5adDgoDrP7WTS
ipvga7A9Y8WIZ52nDLgUlq67rK416trp6zThXAyzpDS98e99MVPy32Ovpqvw8phd
LqT6Tq8y3wIDAQABo4ICzDCCAsgwDgYDVR0PAQH/BAQDAgO4MIGXBggrBgEFBQcB
AQSBijCBhzA8BggrBgEFBQcwAYYwaHR0cDovL29jc3Auc3lzdGVtdGVzdDM0LnRy
dXN0MjQwOC5jb20vcmVzcG9uZGVyMEcGCCsGAQUFBzAChjtodHRwOi8vZi5haWEu
c3lzdGVtdGVzdDM0LnRydXN0MjQwOC5jb20vc3lzdGVtdGVzdDM0LWNhLmNlcjCC
ASAGA1UdIASCARcwggETMIIBDwYNKwYBBAGB9FECBAYEAzCB/TAvBggrBgEFBQcC
ARYjaHR0cDovL3d3dy50cnVzdDI0MDguY29tL3JlcG9zaXRvcnkwgckGCCsGAQUF
BwICMIG8MAwWBURhbklEMAMCAQEagatEYW5JRCB0ZXN0IGNlcnRpZmlrYXRlciBm
cmEgZGVubmUgQ0EgdWRzdGVkZXMgdW5kZXIgT0lEIDEuMy42LjEuNC4xLjMxMzEz
LjIuNC42LjQuMy4gRGFuSUQgdGVzdCBjZXJ0aWZpY2F0ZXMgZnJvbSB0aGlzIENB
IGFyZSBpc3N1ZWQgdW5kZXIgT0lEIDEuMy42LjEuNC4xLjMxMzEzLjIuNC42LjQu
My4wgawGA1UdHwSBpDCBoTA8oDqgOIY2aHR0cDovL2NybC5zeXN0ZW10ZXN0MzQu
dHJ1c3QyNDA4LmNvbS9zeXN0ZW10ZXN0MzQuY3JsMGGgX6BdpFswWTELMAkGA1UE
BhMCREsxEjAQBgNVBAoMCVRSVVNUMjQwODEmMCQGA1UEAwwdVFJVU1QyNDA4IFN5
c3RlbXRlc3QgWFhYSVYgQ0ExDjAMBgNVBAMMBUNSTDE0MB8GA1UdIwQYMBaAFM1s
aJc5chmkNatk6vQRo4GH+Gk7MB0GA1UdDgQWBBRBCneiJ1Rbm3TO7S7J+lDgRq3I
FDAJBgNVHRMEAjAAMA0GCSqGSIb3DQEBCwUAA4IBAQCh4sfwYmyapqcQ/hfXye+m
qJQa9pTktjU6OVZ5XwqvnMSRAwDaix6jfkW+s1CDBRdHY/vpUEczOKW6piPd6x0O
cRrKghyK138yN8472EuNb3v+A4g5AvKgtrRIojRtzUHOOQyl7e5um49WQKEsl8FV
DxFPbWjzkLHoDsgnvyLZdOR00QjKJsKYVK6Xct1Rsh5zJZE9/LHAkKx0lBCMT2Uj
rYqIj3qR+yKQLutLJxhfaAiLj9h00dVNhUQKTb6cfgPkr/+41lg7CvaVas+wDhQD
SrsaTkF54V9u+h3q8+BC3IW6ObMOz84Ws+Rbol5d7pVkVJemvYD5uqCCA+YLG3Bj
          </X509Certificate>
        </X509Data>
      </KeyInfo>
    </KeyDescriptor>
    <AttributeService Binding="urn:oasis:names:tc:SAML:2.0:bindings:SOAP" Location="https://attributequery.test-nemlog-in.dk/AttributeQuery.svc"/>
    <NameIDFormat>urn:oasis:names:tc:SAML:1.1:nameid-format:X509SubjectName</NameIDFormat>
    <a:Attribute Name="urn:oid:2.5.29.29" NameFormat="urn:oasis:names:tc:SAML:2.0:attrname-format:basic" FriendlyName="Certificate Issuer DN"/>
    <a:Attribute Name="urn:oid:2.5.4.3" NameFormat="urn:oasis:names:tc:SAML:2.0:attrname-format:basic" FriendlyName="Common Name"/>
    <a:Attribute Name="dk:gov:saml:attribute:CprNumberIdentifier" NameFormat="urn:oasis:names:tc:SAML:2.0:attrname-format:basic" FriendlyName="CPR Number Identifier"/>
    <a:Attribute Name="dk:gov:saml:attribute:CvrNumberIdentifier" NameFormat="urn:oasis:names:tc:SAML:2.0:attrname-format:basic" FriendlyName="CVR Number Identifier"/>
    <a:Attribute Name="urn:oid:0.9.2342.19200300.100.1.3" NameFormat="urn:oasis:names:tc:SAML:2.0:attrname-format:basic" FriendlyName="email"/>
    <a:Attribute Name="dk:gov:saml:attribute:IsYouthCert" NameFormat="urn:oasis:names:tc:SAML:2.0:attrname-format:basic" FriendlyName="Is Youth Certificate"/>
    <a:Attribute Name="urn:oid:2.5.4.10" NameFormat="urn:oasis:names:tc:SAML:2.0:attrname-format:basic" FriendlyName="Organisation Name"/>
    <a:Attribute Name="urn:oid:2.5.4.11" NameFormat="urn:oasis:names:tc:SAML:2.0:attrname-format:basic" FriendlyName="Organisation Unit"/>
    <a:Attribute Name="dk:gov:saml:attribute:PidNumberIdentifier" NameFormat="urn:oasis:names:tc:SAML:2.0:attrname-format:basic" FriendlyName="PID Number Identifier"/>
    <a:Attribute Name="urn:oid:2.5.4.16" NameFormat="urn:oasis:names:tc:SAML:2.0:attrname-format:basic" FriendlyName="Postal Address"/>
    <a:Attribute Name="dk:gov:saml:attribute:RidNumberIdentifier" NameFormat="urn:oasis:names:tc:SAML:2.0:attrname-format:basic" FriendlyName="RID Number Identifier"/>
    <a:Attribute Name="urn:oid:2.5.4.5" NameFormat="urn:oasis:names:tc:SAML:2.0:attrname-format:basic" FriendlyName="Serialnumber"/>
    <a:Attribute Name="dk:gov:saml:attribute:SpecVer" NameFormat="urn:oasis:names:tc:SAML:2.0:attrname-format:basic" FriendlyName="Specification Version"/>
    <a:Attribute Name="urn:oid:0.9.2342.19200300.100.1.1" NameFormat="urn:oasis:names:tc:SAML:2.0:attrname-format:basic" FriendlyName="SubjectSerialNumber"/>
    <a:Attribute Name="urn:oid:2.5.4.4" NameFormat="urn:oasis:names:tc:SAML:2.0:attrname-format:basic" FriendlyName="Surname"/>
    <a:Attribute Name="urn:oid:2.5.4.12" NameFormat="urn:oasis:names:tc:SAML:2.0:attrname-format:basic" FriendlyName="Title"/>
    <a:Attribute Name="urn:oid:1.3.6.1.4.1.1466.115.121.1.8" NameFormat="urn:oasis:names:tc:SAML:2.0:attrname-format:basic" FriendlyName="User Certificate"/>
    <a:Attribute Name="dk:gov:saml:attribute:ProductionUnitIdentifier" NameFormat="urn:oasis:names:tc:SAML:2.0:attrname-format:basic" FriendlyName="ProductionUnitIdentifier"/>
    <a:Attribute Name="dk:gov:saml:attribute:UserAdministratorIndicator" NameFormat="urn:oasis:names:tc:SAML:2.0:attrname-format:basic" FriendlyName="UserAdministratorIndicator"/>
    <a:Attribute Name="dk:gov:saml:attribute:seNumberIdentifier" NameFormat="urn:oasis:names:tc:SAML:2.0:attrname-format:basic" FriendlyName="SeNumberIdentifier"/>
    <a:Attribute Name="dk:gov:saml:attribute:UniqueAccountKey" NameFormat="urn:oasis:names:tc:SAML:2.0:attrname-format:basic" FriendlyName="UniqueAccountKey"/>
    <a:Attribute Name="dk:gov:saml:attribute:Privileges_intermediate" NameFormat="urn:oasis:names:tc:SAML:2.0:attrname-format:basic" FriendlyName="Privileges"/>
  </AttributeAuthorityDescriptor>
  <ContactPerson contactType="administrative">
    <Company>NemLog-in</Company>
    <GivenName></GivenName>
    <SurName></SurName>
    <EmailAddress>nemlogin@digst.dk</EmailAddress>
    <TelephoneNumber></TelephoneNumber>
  </ContactPerson>
</EntityDescriptor>